<?xml version="1.0" encoding="UTF-8"?>
<!-- Generated by org.testng.reporters.JUnitXMLReporter -->
<testsuite hostname="DESKTOP-2A7S6QF" ignored="0" name="Default test" tests="2" failures="0" timestamp="02 Nov 2020 21:05:56 GMT" time="5.631" errors="0">
  <testcase name="testGetInfoAboutName" time="0.359" classname="com.selenium1.WebDriverBasicLocatorsByNameTest"/>
  <testcase name="testTitle" time="0.123" classname="com.selenium1.WebDriverBasicLocatorsByNameTest"/>
</testsuite> <!-- Default test -->
