<?xml version="1.0" encoding="UTF-8"?>
<testng-results skipped="0" failed="0" ignored="0" total="2" passed="2">
  <reporter-output>
  </reporter-output>
  <suite name="Default suite" duration-ms="5631" started-at="2020-11-02T21:05:50Z" finished-at="2020-11-02T21:05:56Z">
    <groups>
    </groups>
    <test name="Default test" duration-ms="5631" started-at="2020-11-02T21:05:50Z" finished-at="2020-11-02T21:05:56Z">
      <class name="com.selenium1.WebDriverBasicLocatorsByNameTest">
        <test-method status="PASS" signature="beforeTest()[pri:0, instance:com.selenium1.WebDriverBasicLocatorsByNameTest@12e61fe6]" name="beforeTest" is-config="true" duration-ms="4391" started-at="2020-11-02T21:05:50Z" finished-at="2020-11-02T21:05:55Z">
          <reporter-output>
          </reporter-output>
        </test-method> <!-- beforeTest -->
        <test-method status="PASS" signature="testGetInfoAboutName()[pri:0, instance:com.selenium1.WebDriverBasicLocatorsByNameTest@12e61fe6]" name="testGetInfoAboutName" duration-ms="359" started-at="2020-11-02T21:05:55Z" finished-at="2020-11-02T21:05:55Z">
          <reporter-output>
          </reporter-output>
        </test-method> <!-- testGetInfoAboutName -->
        <test-method status="PASS" signature="testTitle()[pri:0, instance:com.selenium1.WebDriverBasicLocatorsByNameTest@12e61fe6]" name="testTitle" duration-ms="123" started-at="2020-11-02T21:05:55Z" finished-at="2020-11-02T21:05:55Z">
          <reporter-output>
          </reporter-output>
        </test-method> <!-- testTitle -->
        <test-method status="PASS" signature="afterTest()[pri:0, instance:com.selenium1.WebDriverBasicLocatorsByNameTest@12e61fe6]" name="afterTest" is-config="true" duration-ms="715" started-at="2020-11-02T21:05:55Z" finished-at="2020-11-02T21:05:56Z">
          <reporter-output>
          </reporter-output>
        </test-method> <!-- afterTest -->
      </class> <!-- com.selenium1.WebDriverBasicLocatorsByNameTest -->
    </test> <!-- Default test -->
  </suite> <!-- Default suite -->
</testng-results>
