<?xml version="1.0" encoding="UTF-8"?>
<testng-results skipped="0" failed="0" ignored="0" total="5" passed="5">
  <reporter-output>
  </reporter-output>
  <suite name="Default suite" duration-ms="65295" started-at="2020-11-18T18:36:30Z" finished-at="2020-11-18T18:37:35Z">
    <groups>
    </groups>
    <test name="Default test" duration-ms="65295" started-at="2020-11-18T18:36:30Z" finished-at="2020-11-18T18:37:35Z">
      <class name="com.selenium1.HeadlessBrowserBasicsTest">
        <test-method status="PASS" signature="chromeBrowser()[pri:0, instance:com.selenium1.HeadlessBrowserBasicsTest@12b0404f]" name="chromeBrowser" duration-ms="12340" started-at="2020-11-18T18:36:30Z" finished-at="2020-11-18T18:36:42Z">
          <reporter-output>
          </reporter-output>
        </test-method> <!-- chromeBrowser -->
        <test-method status="PASS" signature="chromeBrowserHeadlessBrowsing()[pri:0, instance:com.selenium1.HeadlessBrowserBasicsTest@12b0404f]" name="chromeBrowserHeadlessBrowsing" duration-ms="9791" started-at="2020-11-18T18:36:42Z" finished-at="2020-11-18T18:36:52Z">
          <reporter-output>
          </reporter-output>
        </test-method> <!-- chromeBrowserHeadlessBrowsing -->
        <test-method status="PASS" signature="firefoxBrowser()[pri:0, instance:com.selenium1.HeadlessBrowserBasicsTest@12b0404f]" name="firefoxBrowser" duration-ms="12569" started-at="2020-11-18T18:36:52Z" finished-at="2020-11-18T18:37:05Z">
          <reporter-output>
          </reporter-output>
        </test-method> <!-- firefoxBrowser -->
        <test-method status="PASS" signature="firefoxBrowserHeadlessBrowsing()[pri:0, instance:com.selenium1.HeadlessBrowserBasicsTest@12b0404f]" name="firefoxBrowserHeadlessBrowsing" duration-ms="11230" started-at="2020-11-18T18:37:05Z" finished-at="2020-11-18T18:37:16Z">
          <reporter-output>
          </reporter-output>
        </test-method> <!-- firefoxBrowserHeadlessBrowsing -->
        <test-method status="PASS" signature="phanthomJS()[pri:0, instance:com.selenium1.HeadlessBrowserBasicsTest@12b0404f]" name="phanthomJS" duration-ms="19293" started-at="2020-11-18T18:37:16Z" finished-at="2020-11-18T18:37:35Z">
          <reporter-output>
          </reporter-output>
        </test-method> <!-- phanthomJS -->
      </class> <!-- com.selenium1.HeadlessBrowserBasicsTest -->
    </test> <!-- Default test -->
  </suite> <!-- Default suite -->
</testng-results>
